# JRE version: OpenJDK Runtime Environment (8.0_242-b01) (build 1.8.0_242-release-1644-b01)
# Java VM: OpenJDK 64-Bit Server VM (25.242-b01 mixed mode windows-amd64 compressed oops)
Heap:
 PSYoungGen      total 599040K, used 479763K [0x00000000d5580000, 0x0000000100000000, 0x0000000100000000)
  eden space 502784K, 92% used [0x00000000d5580000,0x00000000f1d687b8,0x00000000f4080000)
  from space 96256K, 13% used [0x00000000f4080000,0x00000000f4d1c748,0x00000000f9e80000)
  to   space 98816K, 0% used [0x00000000f9f80000,0x00000000f9f80000,0x0000000100000000)
 ParOldGen       total 211456K, used 158308K [0x0000000080000000, 0x000000008ce80000, 0x00000000d5580000)
  object space 211456K, 74% used [0x0000000080000000,0x0000000089a99280,0x000000008ce80000)
 Metaspace       used 129586K, capacity 139926K, committed 139992K, reserved 1171456K
  class space    used 16483K, capacity 18394K, committed 18432K, reserved 1048576K
GC Heap History (10 events):
Event: 8162.086 GC heap before
{Heap before GC invocations=49 (full 4):
 PSYoungGen      total 599552K, used 563435K [0x00000000d5580000, 0x0000000100000000, 0x0000000100000000)
  eden space 501248K, 100% used [0x00000000d5580000,0x00000000f3f00000,0x00000000f3f00000)
  from space 98304K, 63% used [0x00000000f9c80000,0x00000000fd93ae00,0x00000000ffc80000)
  to   space 95744K, 0% used [0x00000000f3f00000,0x00000000f3f00000,0x00000000f9c80000)
 ParOldGen       total 211456K, used 130046K [0x0000000080000000, 0x000000008ce80000, 0x00000000d5580000)
  object space 211456K, 61% used [0x0000000080000000,0x0000000087effac0,0x000000008ce80000)
 Metaspace       used 126097K, capacity 135808K, committed 136024K, reserved 1167360K
  class space    used 16049K, capacity 17738K, committed 17792K, reserved 1048576K
Event: 8162.147 GC heap after
Heap after GC invocations=49 (full 4):
 PSYoungGen      total 596992K, used 35276K [0x00000000d5580000, 0x00000000ffd80000, 0x0000000100000000)
  eden space 501248K, 0% used [0x00000000d5580000,0x00000000d5580000,0x00000000f3f00000)
  from space 95744K, 36% used [0x00000000f3f00000,0x00000000f6173380,0x00000000f9c80000)
  to   space 95744K, 0% used [0x00000000fa000000,0x00000000fa000000,0x00000000ffd80000)
 ParOldGen       total 211456K, used 152408K [0x0000000080000000, 0x000000008ce80000, 0x00000000d5580000)
  object space 211456K, 72% used [0x0000000080000000,0x00000000894d63b0,0x000000008ce80000)
 Metaspace       used 126097K, capacity 135808K, committed 136024K, reserved 1167360K
  class space    used 16049K, capacity 17738K, committed 17792K, reserved 1048576K
}
Event: 8163.561 GC heap before
{Heap before GC invocations=50 (full 4):
 PSYoungGen      total 596992K, used 536524K [0x00000000d5580000, 0x00000000ffd80000, 0x0000000100000000)
  eden space 501248K, 100% used [0x00000000d5580000,0x00000000f3f00000,0x00000000f3f00000)
  from space 95744K, 36% used [0x00000000f3f00000,0x00000000f6173380,0x00000000f9c80000)
  to   space 95744K, 0% used [0x00000000fa000000,0x00000000fa000000,0x00000000ffd80000)
 ParOldGen       total 211456K, used 152408K [0x0000000080000000, 0x000000008ce80000, 0x00000000d5580000)
  object space 211456K, 72% used [0x0000000080000000,0x00000000894d63b0,0x000000008ce80000)
 Metaspace       used 126103K, capacity 135840K, committed 136024K, reserved 1167360K
  class space    used 16051K, capacity 17770K, committed 17792K, reserved 1048576K
Event: 8163.604 GC heap after
Heap after GC invocations=50 (full 4):
 PSYoungGen      total 598528K, used 22287K [0x00000000d5580000, 0x0000000100000000, 0x0000000100000000)
  eden space 502784K, 0% used [0x00000000d5580000,0x00000000d5580000,0x00000000f4080000)
  from space 95744K, 23% used [0x00000000fa000000,0x00000000fb5c3da0,0x00000000ffd80000)
  to   space 97792K, 0% used [0x00000000f4080000,0x00000000f4080000,0x00000000fa000000)
 ParOldGen       total 211456K, used 158092K [0x0000000080000000, 0x000000008ce80000, 0x00000000d5580000)
  object space 211456K, 74% used [0x0000000080000000,0x0000000089a63280,0x000000008ce80000)
 Metaspace       used 126103K, capacity 135840K, committed 136024K, reserved 1167360K
  class space    used 16051K, capacity 17770K, committed 17792K, reserved 1048576K
}
Event: 8166.566 GC heap before
{Heap before GC invocations=51 (full 4):
 PSYoungGen      total 598528K, used 525071K [0x00000000d5580000, 0x0000000100000000, 0x0000000100000000)
  eden space 502784K, 100% used [0x00000000d5580000,0x00000000f4080000,0x00000000f4080000)
  from space 95744K, 23% used [0x00000000fa000000,0x00000000fb5c3da0,0x00000000ffd80000)
  to   space 97792K, 0% used [0x00000000f4080000,0x00000000f4080000,0x00000000fa000000)
 ParOldGen       total 211456K, used 158092K [0x0000000080000000, 0x000000008ce80000, 0x00000000d5580000)
  object space 211456K, 74% used [0x0000000080000000,0x0000000089a63280,0x000000008ce80000)
 Metaspace       used 126179K, capacity 135916K, committed 136024K, reserved 1167360K
  class space    used 16062K, capacity 17776K, committed 17792K, reserved 1048576K
Event: 8166.694 GC heap after
Heap after GC invocations=51 (full 4):
 PSYoungGen      total 600576K, used 67049K [0x00000000d5580000, 0x0000000100000000, 0x0000000100000000)
  eden space 502784K, 0% used [0x00000000d5580000,0x00000000d5580000,0x00000000f4080000)
  from space 97792K, 68% used [0x00000000f4080000,0x00000000f81fa4d0,0x00000000fa000000)
  to   space 98304K, 0% used [0x00000000fa000000,0x00000000fa000000,0x0000000100000000)
 ParOldGen       total 211456K, used 158220K [0x0000000080000000, 0x000000008ce80000, 0x00000000d5580000)
  object space 211456K, 74% used [0x0000000080000000,0x0000000089a83280,0x000000008ce80000)
 Metaspace       used 126179K, capacity 135916K, committed 136024K, reserved 1167360K
  class space    used 16062K, capacity 17776K, committed 17792K, reserved 1048576K
}
Event: 8330.238 GC heap before
{Heap before GC invocations=52 (full 4):
 PSYoungGen      total 600576K, used 569833K [0x00000000d5580000, 0x0000000100000000, 0x0000000100000000)
  eden space 502784K, 100% used [0x00000000d5580000,0x00000000f4080000,0x00000000f4080000)
  from space 97792K, 68% used [0x00000000f4080000,0x00000000f81fa4d0,0x00000000fa000000)
  to   space 98304K, 0% used [0x00000000fa000000,0x00000000fa000000,0x0000000100000000)
 ParOldGen       total 211456K, used 158220K [0x0000000080000000, 0x000000008ce80000, 0x00000000d5580000)
  object space 211456K, 74% used [0x0000000080000000,0x0000000089a83280,0x000000008ce80000)
 Metaspace       used 126605K, capacity 136404K, committed 136664K, reserved 1167360K
  class space    used 16101K, capacity 17848K, committed 17920K, reserved 1048576K
Event: 8330.274 GC heap after
Heap after GC invocations=52 (full 4):
 PSYoungGen      total 597504K, used 40950K [0x00000000d5580000, 0x00000000ffc80000, 0x0000000100000000)
  eden space 502784K, 0% used [0x00000000d5580000,0x00000000d5580000,0x00000000f4080000)
  from space 94720K, 43% used [0x00000000fa000000,0x00000000fc7fd940,0x00000000ffc80000)
  to   space 96256K, 0% used [0x00000000f4080000,0x00000000f4080000,0x00000000f9e80000)
 ParOldGen       total 211456K, used 158292K [0x0000000080000000, 0x000000008ce80000, 0x00000000d5580000)
  object space 211456K, 74% used [0x0000000080000000,0x0000000089a95280,0x000000008ce80000)
 Metaspace       used 126605K, capacity 136404K, committed 136664K, reserved 1167360K
  class space    used 16101K, capacity 17848K, committed 17920K, reserved 1048576K
}
Event: 8360.344 GC heap before
{Heap before GC invocations=53 (full 4):
 PSYoungGen      total 597504K, used 543734K [0x00000000d5580000, 0x00000000ffc80000, 0x0000000100000000)
  eden space 502784K, 100% used [0x00000000d5580000,0x00000000f4080000,0x00000000f4080000)
  from space 94720K, 43% used [0x00000000fa000000,0x00000000fc7fd940,0x00000000ffc80000)
  to   space 96256K, 0% used [0x00000000f4080000,0x00000000f4080000,0x00000000f9e80000)
 ParOldGen       total 211456K, used 158292K [0x0000000080000000, 0x000000008ce80000, 0x00000000d5580000)
  object space 211456K, 74% used [0x0000000080000000,0x0000000089a95280,0x000000008ce80000)
 Metaspace       used 126649K, capacity 136410K, committed 136664K, reserved 1167360K
  class space    used 16101K, capacity 17849K, committed 17920K, reserved 1048576K
Event: 8360.366 GC heap after
Heap after GC invocations=53 (full 4):
 PSYoungGen      total 599040K, used 12913K [0x00000000d5580000, 0x0000000100000000, 0x0000000100000000)
  eden space 502784K, 0% used [0x00000000d5580000,0x00000000d5580000,0x00000000f4080000)
  from space 96256K, 13% used [0x00000000f4080000,0x00000000f4d1c748,0x00000000f9e80000)
  to   space 98816K, 0% used [0x00000000f9f80000,0x00000000f9f80000,0x0000000100000000)
 ParOldGen       total 211456K, used 158308K [0x0000000080000000, 0x000000008ce80000, 0x00000000d5580000)
  object space 211456K, 74% used [0x0000000080000000,0x0000000089a99280,0x000000008ce80000)
 Metaspace       used 126649K, capacity 136410K, committed 136664K, reserved 1167360K
  class space    used 16101K, capacity 17849K, committed 17920K, reserved 1048576K
}

