# JRE version: OpenJDK Runtime Environment (8.0_242-b01) (build 1.8.0_242-release-1644-b01)
# Java VM: OpenJDK 64-Bit Server VM (25.242-b01 mixed mode windows-amd64 compressed oops)
Heap:
 PSYoungGen      total 273408K, used 230166K [0x00000000d5580000, 0x00000000e9900000, 0x0000000100000000)
  eden space 246272K, 82% used [0x00000000d5580000,0x00000000e1bcb300,0x00000000e4600000)
  from space 27136K, 99% used [0x00000000e4e80000,0x00000000e68fa808,0x00000000e6900000)
  to   space 42496K, 0% used [0x00000000e6f80000,0x00000000e6f80000,0x00000000e9900000)
 ParOldGen       total 261632K, used 150915K [0x0000000080000000, 0x000000008ff80000, 0x00000000d5580000)
  object space 261632K, 57% used [0x0000000080000000,0x0000000089360d68,0x000000008ff80000)
 Metaspace       used 106771K, capacity 115356K, committed 115608K, reserved 1150976K
  class space    used 13523K, capacity 14928K, committed 15024K, reserved 1048576K
GC Heap History (10 events):
Event: 8084.014 GC heap before
{Heap before GC invocations=39 (full 4):
 PSYoungGen      total 334848K, used 332679K [0x00000000d5580000, 0x00000000ed400000, 0x0000000100000000)
  eden space 294400K, 100% used [0x00000000d5580000,0x00000000e7500000,0x00000000e7500000)
  from space 40448K, 94% used [0x00000000eac80000,0x00000000ed1e1d40,0x00000000ed400000)
  to   space 48640K, 0% used [0x00000000e7500000,0x00000000e7500000,0x00000000ea480000)
 ParOldGen       total 261632K, used 150535K [0x0000000080000000, 0x000000008ff80000, 0x00000000d5580000)
  object space 261632K, 57% used [0x0000000080000000,0x0000000089301d30,0x000000008ff80000)
 Metaspace       used 106519K, capacity 115138K, committed 115352K, reserved 1148928K
  class space    used 13518K, capacity 14925K, committed 15024K, reserved 1048576K
Event: 8084.054 GC heap after
Heap after GC invocations=39 (full 4):
 PSYoungGen      total 307712K, used 23367K [0x00000000d5580000, 0x00000000ec700000, 0x0000000100000000)
  eden space 284160K, 0% used [0x00000000d5580000,0x00000000d5580000,0x00000000e6b00000)
  from space 23552K, 99% used [0x00000000e7500000,0x00000000e8bd1ec0,0x00000000e8c00000)
  to   space 47104K, 0% used [0x00000000e9900000,0x00000000e9900000,0x00000000ec700000)
 ParOldGen       total 261632K, used 150575K [0x0000000080000000, 0x000000008ff80000, 0x00000000d5580000)
  object space 261632K, 57% used [0x0000000080000000,0x000000008930bd30,0x000000008ff80000)
 Metaspace       used 106519K, capacity 115138K, committed 115352K, reserved 1148928K
  class space    used 13518K, capacity 14925K, committed 15024K, reserved 1048576K
}
Event: 8106.708 GC heap before
{Heap before GC invocations=40 (full 4):
 PSYoungGen      total 307712K, used 307527K [0x00000000d5580000, 0x00000000ec700000, 0x0000000100000000)
  eden space 284160K, 100% used [0x00000000d5580000,0x00000000e6b00000,0x00000000e6b00000)
  from space 23552K, 99% used [0x00000000e7500000,0x00000000e8bd1ec0,0x00000000e8c00000)
  to   space 47104K, 0% used [0x00000000e9900000,0x00000000e9900000,0x00000000ec700000)
 ParOldGen       total 261632K, used 150575K [0x0000000080000000, 0x000000008ff80000, 0x00000000d5580000)
  object space 261632K, 57% used [0x0000000080000000,0x000000008930bd30,0x000000008ff80000)
 Metaspace       used 106557K, capacity 115202K, committed 115352K, reserved 1148928K
  class space    used 13518K, capacity 14925K, committed 15024K, reserved 1048576K
Event: 8106.741 GC heap after
Heap after GC invocations=40 (full 4):
 PSYoungGen      total 306688K, used 24797K [0x00000000d5580000, 0x00000000eb900000, 0x0000000100000000)
  eden space 273920K, 0% used [0x00000000d5580000,0x00000000d5580000,0x00000000e6100000)
  from space 32768K, 75% used [0x00000000e9900000,0x00000000eb1376e0,0x00000000eb900000)
  to   space 45056K, 0% used [0x00000000e6100000,0x00000000e6100000,0x00000000e8d00000)
 ParOldGen       total 261632K, used 150599K [0x0000000080000000, 0x000000008ff80000, 0x00000000d5580000)
  object space 261632K, 57% used [0x0000000080000000,0x0000000089311d30,0x000000008ff80000)
 Metaspace       used 106557K, capacity 115202K, committed 115352K, reserved 1148928K
  class space    used 13518K, capacity 14925K, committed 15024K, reserved 1048576K
}
Event: 8531.522 GC heap before
{Heap before GC invocations=41 (full 4):
 PSYoungGen      total 306688K, used 298717K [0x00000000d5580000, 0x00000000eb900000, 0x0000000100000000)
  eden space 273920K, 100% used [0x00000000d5580000,0x00000000e6100000,0x00000000e6100000)
  from space 32768K, 75% used [0x00000000e9900000,0x00000000eb1376e0,0x00000000eb900000)
  to   space 45056K, 0% used [0x00000000e6100000,0x00000000e6100000,0x00000000e8d00000)
 ParOldGen       total 261632K, used 150599K [0x0000000080000000, 0x000000008ff80000, 0x00000000d5580000)
  object space 261632K, 57% used [0x0000000080000000,0x0000000089311d30,0x000000008ff80000)
 Metaspace       used 106584K, capacity 115202K, committed 115352K, reserved 1148928K
  class space    used 13518K, capacity 14925K, committed 15024K, reserved 1048576K
Event: 8531.553 GC heap after
Heap after GC invocations=41 (full 4):
 PSYoungGen      total 292352K, used 27767K [0x00000000d5580000, 0x00000000ead80000, 0x0000000100000000)
  eden space 264192K, 0% used [0x00000000d5580000,0x00000000d5580000,0x00000000e5780000)
  from space 28160K, 98% used [0x00000000e6100000,0x00000000e7c1dee0,0x00000000e7c80000)
  to   space 44032K, 0% used [0x00000000e8280000,0x00000000e8280000,0x00000000ead80000)
 ParOldGen       total 261632K, used 150795K [0x0000000080000000, 0x000000008ff80000, 0x00000000d5580000)
  object space 261632K, 57% used [0x0000000080000000,0x0000000089342d58,0x000000008ff80000)
 Metaspace       used 106584K, capacity 115202K, committed 115352K, reserved 1148928K
  class space    used 13518K, capacity 14925K, committed 15024K, reserved 1048576K
}
Event: 8593.910 GC heap before
{Heap before GC invocations=42 (full 4):
 PSYoungGen      total 292352K, used 291959K [0x00000000d5580000, 0x00000000ead80000, 0x0000000100000000)
  eden space 264192K, 100% used [0x00000000d5580000,0x00000000e5780000,0x00000000e5780000)
  from space 28160K, 98% used [0x00000000e6100000,0x00000000e7c1dee0,0x00000000e7c80000)
  to   space 44032K, 0% used [0x00000000e8280000,0x00000000e8280000,0x00000000ead80000)
 ParOldGen       total 261632K, used 150795K [0x0000000080000000, 0x000000008ff80000, 0x00000000d5580000)
  object space 261632K, 57% used [0x0000000080000000,0x0000000089342d58,0x000000008ff80000)
 Metaspace       used 106679K, capacity 115208K, committed 115352K, reserved 1148928K
  class space    used 13520K, capacity 14926K, committed 15024K, reserved 1048576K
Event: 8593.977 GC heap after
Heap after GC invocations=42 (full 4):
 PSYoungGen      total 289792K, used 30734K [0x00000000d5580000, 0x00000000ea480000, 0x0000000100000000)
  eden space 254976K, 0% used [0x00000000d5580000,0x00000000d5580000,0x00000000e4e80000)
  from space 34816K, 88% used [0x00000000e8280000,0x00000000ea083920,0x00000000ea480000)
  to   space 44032K, 0% used [0x00000000e4e80000,0x00000000e4e80000,0x00000000e7980000)
 ParOldGen       total 261632K, used 150859K [0x0000000080000000, 0x000000008ff80000, 0x00000000d5580000)
  object space 261632K, 57% used [0x0000000080000000,0x0000000089352d68,0x000000008ff80000)
 Metaspace       used 106679K, capacity 115208K, committed 115352K, reserved 1148928K
  class space    used 13520K, capacity 14926K, committed 15024K, reserved 1048576K
}
Event: 8660.092 GC heap before
{Heap before GC invocations=43 (full 4):
 PSYoungGen      total 289792K, used 285710K [0x00000000d5580000, 0x00000000ea480000, 0x0000000100000000)
  eden space 254976K, 100% used [0x00000000d5580000,0x00000000e4e80000,0x00000000e4e80000)
  from space 34816K, 88% used [0x00000000e8280000,0x00000000ea083920,0x00000000ea480000)
  to   space 44032K, 0% used [0x00000000e4e80000,0x00000000e4e80000,0x00000000e7980000)
 ParOldGen       total 261632K, used 150859K [0x0000000080000000, 0x000000008ff80000, 0x00000000d5580000)
  object space 261632K, 57% used [0x0000000080000000,0x0000000089352d68,0x000000008ff80000)
 Metaspace       used 106752K, capacity 115352K, committed 115608K, reserved 1150976K
  class space    used 13522K, capacity 14928K, committed 15024K, reserved 1048576K
Event: 8660.133 GC heap after
Heap after GC invocations=43 (full 4):
 PSYoungGen      total 273408K, used 27114K [0x00000000d5580000, 0x00000000e9900000, 0x0000000100000000)
  eden space 246272K, 0% used [0x00000000d5580000,0x00000000d5580000,0x00000000e4600000)
  from space 27136K, 99% used [0x00000000e4e80000,0x00000000e68fa808,0x00000000e6900000)
  to   space 42496K, 0% used [0x00000000e6f80000,0x00000000e6f80000,0x00000000e9900000)
 ParOldGen       total 261632K, used 150915K [0x0000000080000000, 0x000000008ff80000, 0x00000000d5580000)
  object space 261632K, 57% used [0x0000000080000000,0x0000000089360d68,0x000000008ff80000)
 Metaspace       used 106752K, capacity 115352K, committed 115608K, reserved 1150976K
  class space    used 13522K, capacity 14928K, committed 15024K, reserved 1048576K
}

